# JRE version: OpenJDK Runtime Environment (8.0_242-b01) (build 1.8.0_242-release-1644-b01)
# Java VM: OpenJDK 64-Bit Server VM (25.242-b01 mixed mode windows-amd64 compressed oops)
Heap:
 PSYoungGen      total 591872K, used 312194K [0x00000000d5580000, 0x0000000100000000, 0x0000000100000000)
  eden space 492032K, 49% used [0x00000000d5580000,0x00000000e457ea38,0x00000000f3600000)
  from space 99840K, 66% used [0x00000000f9c80000,0x00000000fdd72630,0x00000000ffe00000)
  to   space 103424K, 0% used [0x00000000f3600000,0x00000000f3600000,0x00000000f9b00000)
 ParOldGen       total 253952K, used 224316K [0x0000000080000000, 0x000000008f800000, 0x00000000d5580000)
  object space 253952K, 88% used [0x0000000080000000,0x000000008db0f088,0x000000008f800000)
 Metaspace       used 121040K, capacity 130589K, committed 130840K, reserved 1163264K
  class space    used 15486K, capacity 17125K, committed 17200K, reserved 1048576K
GC Heap History (10 events):
Event: 9666.084 GC heap before
{Heap before GC invocations=48 (full 4):
 PSYoungGen      total 577536K, used 471226K [0x00000000d5580000, 0x0000000100000000, 0x0000000100000000)
  eden space 456192K, 100% used [0x00000000d5580000,0x00000000f1300000,0x00000000f1300000)
  from space 121344K, 12% used [0x00000000f1300000,0x00000000f21aebb0,0x00000000f8980000)
  to   space 119808K, 0% used [0x00000000f8b00000,0x00000000f8b00000,0x0000000100000000)
 ParOldGen       total 253952K, used 218213K [0x0000000080000000, 0x000000008f800000, 0x00000000d5580000)
  object space 253952K, 85% used [0x0000000080000000,0x000000008d5197c0,0x000000008f800000)
 Metaspace       used 117164K, capacity 126233K, committed 126488K, reserved 1159168K
  class space    used 15041K, capacity 16582K, committed 16688K, reserved 1048576K
Event: 9666.473 GC heap after
Heap after GC invocations=48 (full 4):
 PSYoungGen      total 563712K, used 40313K [0x00000000d5580000, 0x00000000ff280000, 0x0000000100000000)
  eden space 457728K, 0% used [0x00000000d5580000,0x00000000d5580000,0x00000000f1480000)
  from space 105984K, 38% used [0x00000000f8b00000,0x00000000fb25e718,0x00000000ff280000)
  to   space 113664K, 0% used [0x00000000f1480000,0x00000000f1480000,0x00000000f8380000)
 ParOldGen       total 253952K, used 218277K [0x0000000080000000, 0x000000008f800000, 0x00000000d5580000)
  object space 253952K, 85% used [0x0000000080000000,0x000000008d5297c0,0x000000008f800000)
 Metaspace       used 117164K, capacity 126233K, committed 126488K, reserved 1159168K
  class space    used 15041K, capacity 16582K, committed 16688K, reserved 1048576K
}
Event: 9668.261 GC heap before
{Heap before GC invocations=49 (full 4):
 PSYoungGen      total 563712K, used 498041K [0x00000000d5580000, 0x00000000ff280000, 0x0000000100000000)
  eden space 457728K, 100% used [0x00000000d5580000,0x00000000f1480000,0x00000000f1480000)
  from space 105984K, 38% used [0x00000000f8b00000,0x00000000fb25e718,0x00000000ff280000)
  to   space 113664K, 0% used [0x00000000f1480000,0x00000000f1480000,0x00000000f8380000)
 ParOldGen       total 253952K, used 218277K [0x0000000080000000, 0x000000008f800000, 0x00000000d5580000)
  object space 253952K, 85% used [0x0000000080000000,0x000000008d5297c0,0x000000008f800000)
 Metaspace       used 117654K, capacity 126771K, committed 127000K, reserved 1159168K
  class space    used 15092K, capacity 16651K, committed 16688K, reserved 1048576K
Event: 9668.496 GC heap after
Heap after GC invocations=49 (full 4):
 PSYoungGen      total 571392K, used 31107K [0x00000000d5580000, 0x00000000fff80000, 0x0000000100000000)
  eden space 457728K, 0% used [0x00000000d5580000,0x00000000d5580000,0x00000000f1480000)
  from space 113664K, 27% used [0x00000000f1480000,0x00000000f32e0ff8,0x00000000f8380000)
  to   space 109568K, 0% used [0x00000000f9480000,0x00000000f9480000,0x00000000fff80000)
 ParOldGen       total 253952K, used 218349K [0x0000000080000000, 0x000000008f800000, 0x00000000d5580000)
  object space 253952K, 85% used [0x0000000080000000,0x000000008d53b7c0,0x000000008f800000)
 Metaspace       used 117654K, capacity 126771K, committed 127000K, reserved 1159168K
  class space    used 15092K, capacity 16651K, committed 16688K, reserved 1048576K
}
Event: 9669.687 GC heap before
{Heap before GC invocations=50 (full 4):
 PSYoungGen      total 571392K, used 488835K [0x00000000d5580000, 0x00000000fff80000, 0x0000000100000000)
  eden space 457728K, 100% used [0x00000000d5580000,0x00000000f1480000,0x00000000f1480000)
  from space 113664K, 27% used [0x00000000f1480000,0x00000000f32e0ff8,0x00000000f8380000)
  to   space 109568K, 0% used [0x00000000f9480000,0x00000000f9480000,0x00000000fff80000)
 ParOldGen       total 253952K, used 218349K [0x0000000080000000, 0x000000008f800000, 0x00000000d5580000)
  object space 253952K, 85% used [0x0000000080000000,0x000000008d53b7c0,0x000000008f800000)
 Metaspace       used 117805K, capacity 126905K, committed 127000K, reserved 1159168K
  class space    used 15100K, capacity 16652K, committed 16688K, reserved 1048576K
Event: 9669.724 GC heap after
Heap after GC invocations=50 (full 4):
 PSYoungGen      total 572416K, used 33281K [0x00000000d5580000, 0x00000000ff300000, 0x0000000100000000)
  eden space 475648K, 0% used [0x00000000d5580000,0x00000000d5580000,0x00000000f2600000)
  from space 96768K, 34% used [0x00000000f9480000,0x00000000fb500548,0x00000000ff300000)
  to   space 104960K, 0% used [0x00000000f2600000,0x00000000f2600000,0x00000000f8c80000)
 ParOldGen       total 253952K, used 219021K [0x0000000080000000, 0x000000008f800000, 0x00000000d5580000)
  object space 253952K, 86% used [0x0000000080000000,0x000000008d5e37d0,0x000000008f800000)
 Metaspace       used 117805K, capacity 126905K, committed 127000K, reserved 1159168K
  class space    used 15100K, capacity 16652K, committed 16688K, reserved 1048576K
}
Event: 9731.276 GC heap before
{Heap before GC invocations=51 (full 4):
 PSYoungGen      total 572416K, used 508929K [0x00000000d5580000, 0x00000000ff300000, 0x0000000100000000)
  eden space 475648K, 100% used [0x00000000d5580000,0x00000000f2600000,0x00000000f2600000)
  from space 96768K, 34% used [0x00000000f9480000,0x00000000fb500548,0x00000000ff300000)
  to   space 104960K, 0% used [0x00000000f2600000,0x00000000f2600000,0x00000000f8c80000)
 ParOldGen       total 253952K, used 219021K [0x0000000080000000, 0x000000008f800000, 0x00000000d5580000)
  object space 253952K, 86% used [0x0000000080000000,0x000000008d5e37d0,0x000000008f800000)
 Metaspace       used 119628K, capacity 129055K, committed 129304K, reserved 1161216K
  class space    used 15319K, capacity 16938K, committed 16944K, reserved 1048576K
Event: 9731.417 GC heap after
Heap after GC invocations=51 (full 4):
 PSYoungGen      total 580608K, used 35684K [0x00000000d5580000, 0x00000000ffe00000, 0x0000000100000000)
  eden space 475648K, 0% used [0x00000000d5580000,0x00000000d5580000,0x00000000f2600000)
  from space 104960K, 33% used [0x00000000f2600000,0x00000000f48d93d8,0x00000000f8c80000)
  to   space 99840K, 0% used [0x00000000f9c80000,0x00000000f9c80000,0x00000000ffe00000)
 ParOldGen       total 253952K, used 219534K [0x0000000080000000, 0x000000008f800000, 0x00000000d5580000)
  object space 253952K, 86% used [0x0000000080000000,0x000000008d663918,0x000000008f800000)
 Metaspace       used 119628K, capacity 129055K, committed 129304K, reserved 1161216K
  class space    used 15319K, capacity 16938K, committed 16944K, reserved 1048576K
}
Event: 11869.191 GC heap before
{Heap before GC invocations=52 (full 4):
 PSYoungGen      total 580608K, used 511332K [0x00000000d5580000, 0x00000000ffe00000, 0x0000000100000000)
  eden space 475648K, 100% used [0x00000000d5580000,0x00000000f2600000,0x00000000f2600000)
  from space 104960K, 33% used [0x00000000f2600000,0x00000000f48d93d8,0x00000000f8c80000)
  to   space 99840K, 0% used [0x00000000f9c80000,0x00000000f9c80000,0x00000000ffe00000)
 ParOldGen       total 253952K, used 219534K [0x0000000080000000, 0x000000008f800000, 0x00000000d5580000)
  object space 253952K, 86% used [0x0000000080000000,0x000000008d663918,0x000000008f800000)
 Metaspace       used 120760K, capacity 130311K, committed 130456K, reserved 1163264K
  class space    used 15440K, capacity 17070K, committed 17072K, reserved 1048576K
Event: 11870.425 GC heap after
Heap after GC invocations=52 (full 4):
 PSYoungGen      total 591872K, used 66505K [0x00000000d5580000, 0x0000000100000000, 0x0000000100000000)
  eden space 492032K, 0% used [0x00000000d5580000,0x00000000d5580000,0x00000000f3600000)
  from space 99840K, 66% used [0x00000000f9c80000,0x00000000fdd72630,0x00000000ffe00000)
  to   space 103424K, 0% used [0x00000000f3600000,0x00000000f3600000,0x00000000f9b00000)
 ParOldGen       total 253952K, used 224316K [0x0000000080000000, 0x000000008f800000, 0x00000000d5580000)
  object space 253952K, 88% used [0x0000000080000000,0x000000008db0f088,0x000000008f800000)
 Metaspace       used 120760K, capacity 130311K, committed 130456K, reserved 1163264K
  class space    used 15440K, capacity 17070K, committed 17072K, reserved 1048576K
}

